<?xml version="1.0" encoding="utf-8"?><testsuites name="pytest tests"><testsuite name="pytest" errors="0" failures="0" skipped="0" tests="11" time="10.601" timestamp="2026-08-25T22:22:27.131079+00:00" hostname="agent-env-4d5a6517-bc6e-4af7-9607-580f26da48ef"><testcase classname="tests.test_tts_iteration12" name="test_tts_create_ok[apollyon-You are not human.]" time="0.258" /><testcase classname="tests.test_tts_iteration12" name="test_tts_create_ok[unit_one-Directive received. Executing.]" time="3.380" /><testcase classname="tests.test_tts_iteration12" name="test_tts_create_ok[renn-The signal is coming from Tokyo.]" time="2.016" /><testcase classname="tests.test_tts_iteration12" name="test_tts_create_ok[narrator-Silence fell over the ruined city.]" time="1.281" /><testcase classname="tests.test_tts_iteration12" name="test_tts_create_ok[queen-You are ours now.]" time="1.183" /><testcase classname="tests.test_tts_iteration12" name="test_tts_get_returns_audio" time="0.164" /><testcase classname="tests.test_tts_iteration12" name="test_tts_get_localhost" time="0.068" /><testcase classname="tests.test_tts_iteration12" name="test_tts_invalid_speaker" time="0.066" /><testcase classname="tests.test_tts_iteration12" name="test_tts_empty_text" time="0.029" /><testcase classname="tests.test_tts_iteration12" name="test_tts_whitespace_only" time="0.068" /><testcase classname="tests.test_tts_iteration12" name="test_tts_cache_speedup" time="1.769" /></testsuite></testsuites>