<?xml version="1.0" encoding="utf-8"?><testsuites name="pytest tests"><testsuite name="pytest" errors="0" failures="0" skipped="0" tests="16" time="42.906" timestamp="2026-08-23T20:35:31.022568+00:00" hostname="agent-env-f74a8860-f665-4b3e-bc99-29f19c852e27"><testcase classname="tests.test_iteration3.TestRegions" name="test_new_player_has_4_default_regions" time="0.379" /><testcase classname="tests.test_iteration3.TestRegions" name="test_apollyon_default_locked" time="0.000" /><testcase classname="tests.test_iteration3.TestRegions" name="test_get_regions_endpoint" time="0.134" /><testcase classname="tests.test_iteration3.TestApollyonUnlocked" name="test_status_unlocked_when_gen_ge_3" time="0.648" /><testcase classname="tests.test_iteration3.TestRegions" name="test_passive_regen_after_1_hour" time="0.189" /><testcase classname="tests.test_iteration3.TestApollyonUnlocked" name="test_battle_unlocked_runs" time="0.320" /><testcase classname="tests.test_iteration3.TestRegions" name="test_region_attack_success" time="0.439" /><testcase classname="tests.test_iteration3.TestApollyonUnlocked" name="test_decide_invalid_returns_400" time="0.114" /><testcase classname="tests.test_iteration3.TestApollyonUnlocked" name="test_decide_valid_returns_ending[OBEY]" time="9.021" /><testcase classname="tests.test_iteration3.TestRegions" name="test_region_attack_unknown_region_404" time="1.393" /><testcase classname="tests.test_iteration3.TestApollyonLocked" name="test_status_locked_when_gen_lt_3" time="0.112" /><testcase classname="tests.test_iteration3.TestApollyonLocked" name="test_battle_locked_returns_400" time="0.104" /><testcase classname="tests.test_iteration3.TestApollyonLocked" name="test_decide_before_completed_400" time="0.072" /><testcase classname="tests.test_iteration3.TestApollyonUnlocked" name="test_decide_valid_returns_ending[NEGOTIATE]" time="11.796" /><testcase classname="tests.test_iteration3.TestApollyonUnlocked" name="test_decide_valid_returns_ending[REFUSE]" time="12.846" /><testcase classname="tests.test_iteration3.TestApollyonUnlocked" name="test_decide_valid_returns_ending[MANIPULATE]" time="7.269" /></testsuite></testsuites>