<?xml version="1.0" encoding="utf-8"?><testsuites name="pytest tests"><testsuite name="pytest" errors="0" failures="0" skipped="0" tests="14" time="9.275" timestamp="2026-08-23T20:18:16.533338+00:00" hostname="agent-env-f74a8860-f665-4b3e-bc99-29f19c852e27"><testcase classname="tests.test_iteration2" name="test_catalog_has_six_categories_with_gen_and_stats" time="0.277" /><testcase classname="tests.test_iteration2" name="test_player_init_starting_resources" time="0.079" /><testcase classname="tests.test_iteration2" name="test_player_get_applies_regen_and_recomputes_gen" time="0.213" /><testcase classname="tests.test_iteration2" name="test_gen1_robot_created" time="0.313" /><testcase classname="tests.test_iteration2" name="test_gen2_part_when_gen1_returns_locked" time="0.070" /><testcase classname="tests.test_iteration2" name="test_insufficient_materials" time="0.089" /><testcase classname="tests.test_iteration2" name="test_delete_refunds_half_materials_full_compute" time="0.330" /><testcase classname="tests.test_iteration2" name="test_threats_list_high_level_has_alien_class_and_rewards" time="0.077" /><testcase classname="tests.test_iteration2" name="test_battle_consumes_energy_and_updates_usage" time="0.249" /><testcase classname="tests.test_iteration2" name="test_battle_zero_energy_returns_insufficient" time="0.174" /><testcase classname="tests.test_iteration2" name="test_sentinel_adaptation_note" time="0.070" /><testcase classname="tests.test_iteration2" name="test_harvester_loss_negative_materials" time="0.225" /><testcase classname="tests.test_iteration2" name="test_research_threshold_makes_gen2" time="0.102" /><testcase classname="tests.test_iteration2" name="test_ai_brief_archon_returns_text" time="6.313" /></testsuite></testsuites>