<?xml version="1.0" encoding="utf-8"?><testsuites name="pytest tests"><testsuite name="pytest" errors="0" failures="0" skipped="0" tests="23" time="2.601" timestamp="2026-08-24T17:48:02.636520+00:00" hostname="agent-env-4d5a6517-bc6e-4af7-9607-580f26da48ef"><testcase classname="tests.test_iteration4.TestNetworkBuild" name="test_build_deep_space_array_upgrades_sensor" time="0.157" /><testcase classname="tests.test_iteration4.TestAssignment" name="test_assign_orbital_and_ground" time="0.246" /><testcase classname="tests.test_iteration4.TestNetworkBuild" name="test_scan_after_upgrade_tier2" time="0.047" /><testcase classname="tests.test_iteration4.TestNetworkBuild" name="test_build_duplicate_node_400" time="0.046" /><testcase classname="tests.test_iteration4.TestAssignment" name="test_assign_moves_robot" time="0.133" /><testcase classname="tests.test_iteration4.TestNetworkBuild" name="test_build_insufficient_resources" time="0.045" /><testcase classname="tests.test_iteration4.TestNetworkBuild" name="test_build_unknown_node_404" time="0.042" /><testcase classname="tests.test_iteration4.TestInvasion" name="test_scan_tier1_fog" time="0.089" /><testcase classname="tests.test_iteration4.TestAssignment" name="test_assign_invalid_layer_resource_zones" time="0.042" /><testcase classname="tests.test_iteration4.TestAssignment" name="test_assign_invalid_layer_bogus" time="0.042" /><testcase classname="tests.test_iteration4.TestInvasion" name="test_engage_without_scan_400" time="0.089" /><testcase classname="tests.test_iteration4.TestAssignment" name="test_unassign" time="0.131" /><testcase classname="tests.test_iteration4.TestDefenseState" name="test_initial_state" time="0.086" /><testcase classname="tests.test_iteration4.TestInvasion" name="test_scan_engage_flow_and_viability" time="0.269" /><testcase classname="tests.test_iteration4.TestDefenseState" name="test_state_404" time="0.042" /><testcase classname="tests.test_iteration4.TestDefenseState" name="test_legacy_player_bootstrapped" time="0.089" /><testcase classname="tests.test_iteration4.TestInvasion" name="test_engage_reuse_wave_id_fails" time="0.042" /><testcase classname="tests.test_iteration4.TestDefenseConfig" name="test_get_config_shape" time="0.042" /><testcase classname="tests.test_iteration4.TestRepair" name="test_repair_full_hp_returns_zero" time="0.087" /><testcase classname="tests.test_iteration4.TestProtocols" name="test_save_protocol" time="0.086" /><testcase classname="tests.test_iteration4.TestRepair" name="test_repair_invalid_layer" time="0.042" /><testcase classname="tests.test_iteration4.TestReset" name="test_reset_restores_planet" time="0.043" /><testcase classname="tests.test_iteration4.TestApollyonVictory" name="test_repeated_waves_lead_to_apollyon_victory" time="0.861" /></testsuite></testsuites>