<?xml version="1.0" encoding="utf-8"?><testsuites name="pytest tests"><testsuite name="pytest" errors="0" failures="0" skipped="0" tests="22" time="3.386" timestamp="2026-08-24T18:30:35.301629+00:00" hostname="agent-env-4d5a6517-bc6e-4af7-9607-580f26da48ef"><testcase classname="tests.test_iteration6.TestZoneRepair" name="test_zero_points_returns_400" time="0.486" /><testcase classname="tests.test_iteration6.TestDoctrines" name="test_empty_list_for_new_player" time="0.427" /><testcase classname="tests.test_iteration6.TestDoctrines" name="test_list_unknown_player_404" time="0.047" /><testcase classname="tests.test_iteration6.TestDoctrines" name="test_save_no_id_generates_hex_id" time="0.349" /><testcase classname="tests.test_iteration6.TestZoneRepair" name="test_negative_points_returns_400" time="0.080" /><testcase classname="tests.test_iteration6.TestZoneRepair" name="test_full_healed_zone_returns_repaired_zero" time="0.074" /><testcase classname="tests.test_iteration6.TestZoneRepair" name="test_unknown_zone_id_404" time="0.126" /><testcase classname="tests.test_iteration6.TestZoneRepair" name="test_unknown_player_404" time="0.044" /><testcase classname="tests.test_iteration6.TestZoneRepair" name="test_repair_valid_points_deducts_and_caps" time="0.080" /><testcase classname="tests.test_iteration6.TestDoctrines" name="test_save_with_id_updates_in_place" time="0.305" /><testcase classname="tests.test_iteration6.TestZoneRepair" name="test_repair_caps_at_100" time="0.074" /><testcase classname="tests.test_iteration6.TestZoneRepair" name="test_repair_min_1_energy" time="0.071" /><testcase classname="tests.test_iteration6.TestZoneRepair" name="test_insufficient_materials_400" time="0.068" /><testcase classname="tests.test_iteration6.TestZoneRepair" name="test_insufficient_energy_400" time="0.072" /><testcase classname="tests.test_iteration6.TestDoctrines" name="test_save_bogus_robot_id_400" time="0.114" /><testcase classname="tests.test_iteration6.TestZoneRepair" name="test_repair_updates_viability" time="0.119" /><testcase classname="tests.test_iteration6.TestDoctrines" name="test_save_bogus_target_layer_resource_zones_400" time="0.114" /><testcase classname="tests.test_iteration6.TestDoctrines" name="test_save_bogus_target_layer_nope_400" time="0.074" /><testcase classname="tests.test_iteration6.TestDoctrines" name="test_deploy_assigns_robots_to_target_layer" time="0.278" /><testcase classname="tests.test_iteration6.TestDoctrines" name="test_deploy_layer_id_override" time="0.365" /><testcase classname="tests.test_iteration6.TestDoctrines" name="test_deploy_bogus_doctrine_id_404" time="0.078" /><testcase classname="tests.test_iteration6.TestDoctrines" name="test_delete_removes_doctrine" time="0.381" /></testsuite></testsuites>