<?xml version="1.0" encoding="utf-8"?><testsuites name="pytest tests"><testsuite name="pytest" errors="0" failures="0" skipped="0" tests="27" time="3.142" timestamp="2026-08-24T18:07:35.222712+00:00" hostname="agent-env-4d5a6517-bc6e-4af7-9607-580f26da48ef"><testcase classname="tests.test_iteration5.TestCascade" name="test_cascade_fresh_player_no_warnings" time="0.481" /><testcase classname="tests.test_iteration5.TestArchons" name="test_config_returns_four_archons" time="0.365" /><testcase classname="tests.test_iteration5.TestArchons" name="test_status_fresh_player_all_locked" time="0.079" /><testcase classname="tests.test_iteration5.TestArchons" name="test_status_unknown_player_404" time="0.079" /><testcase classname="tests.test_iteration5.TestCascade" name="test_cascade_unknown_player_404" time="0.044" /><testcase classname="tests.test_iteration5.TestArchons" name="test_battle_locked_returns_400" time="0.216" /><testcase classname="tests.test_iteration5.TestCascade" name="test_cascade_energy_zone_damaged" time="0.103" /><testcase classname="tests.test_iteration5.TestCascade" name="test_cascade_tech_damaged_reduces_sensor" time="0.251" /><testcase classname="tests.test_iteration5.TestArchons" name="test_battle_unknown_archon_404" time="0.115" /><testcase classname="tests.test_iteration5.TestArchons" name="test_battle_swarm_lord_unlocked_and_records_note" time="0.223" /><testcase classname="tests.test_iteration5.TestCascade" name="test_cascade_industry_and_rare_damaged" time="0.110" /><testcase classname="tests.test_iteration5.TestCascade" name="test_cascade_robot_cost_reflects_multipliers" time="0.163" /><testcase classname="tests.test_iteration5.TestArchons" name="test_battle_devourer_drains_materials" time="0.207" /><testcase classname="tests.test_iteration5.TestCascade" name="test_cascade_insufficient_materials_fires_400" time="0.143" /><testcase classname="tests.test_iteration5.TestArchons" name="test_battle_mirror_reflect_note" time="0.170" /><testcase classname="tests.test_iteration5.TestTriage" name="test_scan_locked_before_wave_3" time="0.090" /><testcase classname="tests.test_iteration5.TestTriage" name="test_scan_unlocked_returns_3_zones" time="0.095" /><testcase classname="tests.test_iteration5.TestArchons" name="test_battle_already_defeated_returns_400" time="0.159" /><testcase classname="tests.test_iteration5.TestTriage" name="test_resolve_requires_active_triage" time="0.140" /><testcase classname="tests.test_iteration5.TestArchons" name="test_battle_insufficient_energy_400" time="0.157" /><testcase classname="tests.test_iteration5.TestTriage" name="test_resolve_requires_exactly_two" time="0.215" /><testcase classname="tests.test_iteration5.TestProtocolsDeep" name="test_protocol_save_and_or_combine" time="0.155" /><testcase classname="tests.test_iteration5.TestTriage" name="test_resolve_zone_not_in_triage_400" time="0.184" /><testcase classname="tests.test_iteration5.TestProtocolsDeep" name="test_protocol_viability_below_key" time="0.103" /><testcase classname="tests.test_iteration5.TestTriage" name="test_resolve_defended_gets_35pct_damage" time="0.293" /><testcase classname="tests.test_iteration5.TestProtocolsDeep" name="test_protocol_adaptation_active_key" time="0.115" /><testcase classname="tests.test_iteration5.TestProtocolsDeep" name="test_protocol_alien_class_key" time="0.151" /></testsuite></testsuites>