<?xml version="1.0" encoding="utf-8"?><testsuites name="pytest tests"><testsuite name="pytest" errors="0" failures="0" skipped="0" tests="12" time="13.325" timestamp="2026-08-23T19:54:19.024358+00:00" hostname="agent-env-f74a8860-f665-4b3e-bc99-29f19c852e27"><testcase classname="tests.test_backend_api" name="test_root" time="0.254" /><testcase classname="tests.test_backend_api" name="test_player_init_and_get" time="0.213" /><testcase classname="tests.test_backend_api" name="test_player_init_idempotent" time="0.093" /><testcase classname="tests.test_backend_api" name="test_robot_stats_computed" time="0.109" /><testcase classname="tests.test_backend_api" name="test_list_robots" time="0.091" /><testcase classname="tests.test_backend_api" name="test_create_robot_invalid_player" time="0.096" /><testcase classname="tests.test_backend_api" name="test_delete_robot" time="0.241" /><testcase classname="tests.test_backend_api" name="test_list_threats" time="0.103" /><testcase classname="tests.test_backend_api" name="test_battle_flow" time="0.312" /><testcase classname="tests.test_backend_api" name="test_battle_bad_robot" time="0.227" /><testcase classname="tests.test_backend_api" name="test_leaderboard" time="0.068" /><testcase classname="tests.test_backend_api" name="test_ai_brief_returns_text" time="11.186" /></testsuite></testsuites>